<?xml version="1.0" encoding="UTF-8"?>
<testsuite name="L05_17.features.search.SearchByKeywordStory" tests="2" skipped="0" failures="0" errors="0" timestamp="2020-05-14T15:47:21" hostname="DESKTOP-86LHGHJ" time="34.61">
  <properties/>
  <testcase name="login[0]" classname="L05_17.features.search.SearchByKeywordStory" time="12.333"/>
  <testcase name="login[1]" classname="L05_17.features.search.SearchByKeywordStory" time="14.357"/>
  <system-out><![CDATA[]]></system-out>
  <system-err><![CDATA[May 14, 2020 6:47:21 PM org.openqa.selenium.remote.DesiredCapabilities firefox
INFO: Using `new FirefoxOptions()` is preferred to `DesiredCapabilities.firefox()`
May 14, 2020 6:47:21 PM org.openqa.selenium.remote.DesiredCapabilities firefox
INFO: Using `new FirefoxOptions()` is preferred to `DesiredCapabilities.firefox()`
1589471242310	mozrunner::runner	INFO	Running command: "C:\\Program Files\\Mozilla Firefox\\firefox.exe" "-marionette" "-foreground" "-no-remote" "-profile" "C:\\Users\\Robert\\AppData\\Local\\Temp\\rust_mozprofileffAdzo"
1589471242850	addons.webextension.doh-rollout@mozilla.org	WARN	Loading extension 'doh-rollout@mozilla.org': Reading manifest: Invalid extension permission: networkStatus
1589471242876	addons.webextension.screenshots@mozilla.org	WARN	Loading extension 'screenshots@mozilla.org': Reading manifest: Invalid extension permission: mozillaAddons
1589471242876	addons.webextension.screenshots@mozilla.org	WARN	Loading extension 'screenshots@mozilla.org': Reading manifest: Invalid extension permission: telemetry
1589471242876	addons.webextension.screenshots@mozilla.org	WARN	Loading extension 'screenshots@mozilla.org': Reading manifest: Invalid extension permission: resource://pdf.js/
1589471242877	addons.webextension.screenshots@mozilla.org	WARN	Loading extension 'screenshots@mozilla.org': Reading manifest: Invalid extension permission: about:reader*
JavaScript error: resource://gre/modules/XULStore.jsm, line 66: Error: Can't find profile directory.
1589471245735	Marionette	INFO	Listening on port 63379
1589471246127	Marionette	WARN	TLS certificate errors will be ignored for this session
May 14, 2020 6:47:26 PM org.openqa.selenium.remote.ProtocolHandshake createSession
INFO: Detected dialect: W3C
JavaScript warning: https://static.okr.ro/js/+/js/jquery/jquery_comp_prototype.js+/js/jquery/ajax-0.0.5.js+/js/okazii.js+/js/okazii/utils.js+/js/www/home.js+/js/www/help.js+/js/www/home_catalog.js+/js/www/home_boxes.js+/js/jquery/jquery.carousel.min.js+/js/jquery/jquery.accordion.js+/js/www/tracking.js+/js/www/header.js+/js/jquery/typeahead.bundle.min.js+/js/autocomplete.js+/js/www/Analytics.js+/js/okazii/tracking.js+/js/jquery/jquery.jcarousel.min.js+/js/jquery/jquery.waypoints.min.js+/js/www/slick.min.js+/js/www/okaziiJsUtils.js/script.v988.js, line 297: unreachable code after return statement
1589471253847	Marionette	INFO	Stopped listening on port 63379
[Parent 18232, Gecko_IOThread] WARNING: file Z:/task_1585933993/build/src/ipc/chromium/src/base/process_util_win.cc, line 166
[Child 1536, Chrome_ChildThread] WARNING: pipe error: 232: file Z:/task_1585933993/build/src/ipc/chromium/src/chrome/common/ipc_channel_win.cc, line 514

###!!! [Child][RunMessage] Error: Channel closing: too late to send/recv, messages will be lost


###!!! [Child][RunMessage] Error: Channel closing: too late to send/recv, messages will be lost


###!!! [Child][RunMessage] Error: Channel closing: too late to send/recv, messages will be lost


###!!! [Child][RunMessage] Error: Channel closing: too late to send/recv, messages will be lost


###!!! [Child][MessageChannel::SendAndWait] Error: Channel error: cannot send/recv

May 14, 2020 6:47:41 PM org.openqa.selenium.remote.DesiredCapabilities firefox
INFO: Using `new FirefoxOptions()` is preferred to `DesiredCapabilities.firefox()`
May 14, 2020 6:47:41 PM org.openqa.selenium.remote.DesiredCapabilities firefox
INFO: Using `new FirefoxOptions()` is preferred to `DesiredCapabilities.firefox()`
1589471262616	mozrunner::runner	INFO	Running command: "C:\\Program Files\\Mozilla Firefox\\firefox.exe" "-marionette" "-foreground" "-no-remote" "-profile" "C:\\Users\\Robert\\AppData\\Local\\Temp\\rust_mozprofiledxMhWa"
1589471263223	addons.webextension.doh-rollout@mozilla.org	WARN	Loading extension 'doh-rollout@mozilla.org': Reading manifest: Invalid extension permission: networkStatus
1589471263249	addons.webextension.screenshots@mozilla.org	WARN	Loading extension 'screenshots@mozilla.org': Reading manifest: Invalid extension permission: mozillaAddons
1589471263249	addons.webextension.screenshots@mozilla.org	WARN	Loading extension 'screenshots@mozilla.org': Reading manifest: Invalid extension permission: telemetry
1589471263249	addons.webextension.screenshots@mozilla.org	WARN	Loading extension 'screenshots@mozilla.org': Reading manifest: Invalid extension permission: resource://pdf.js/
1589471263249	addons.webextension.screenshots@mozilla.org	WARN	Loading extension 'screenshots@mozilla.org': Reading manifest: Invalid extension permission: about:reader*
JavaScript error: resource://gre/modules/XULStore.jsm, line 66: Error: Can't find profile directory.
1589471266013	Marionette	INFO	Listening on port 63478
1589471266438	Marionette	WARN	TLS certificate errors will be ignored for this session
May 14, 2020 6:47:46 PM org.openqa.selenium.remote.ProtocolHandshake createSession
INFO: Detected dialect: W3C
1589471276120	Marionette	INFO	Stopped listening on port 63478
[Child 20396, Chrome_ChildThread] WARNING: pipe error: 232: file Z:/task_1585933993/build/src/ipc/chromium/src/chrome/common/ipc_channel_win.cc, line 514

###!!! [Child][RunMessage] Error: Channel error: cannot send/recv


###!!! [Child][RunMessage] Error: Channel closing: too late to send/recv, messages will be lost


###!!! [Child][MessageChannel::SendAndWait] Error: Channel error: cannot send/recv

]]></system-err>
</testsuite>
